  bg.cpp
  block.cpp
  Bullet.cpp
  enemy.cpp
  explosion.cpp
  fade.cpp
  flame.cpp
  game.cpp
  gameclear.cpp
  gameover.cpp
  goal.cpp
  input.cpp
  item.cpp
  life.cpp
  main.cpp
  player.cpp
  ranking.cpp
  result.cpp
  score.cpp
  sound.cpp
  コンパイル中...
  time.cpp
  title.cpp
  tutorial.cpp
  twinkle.cpp
  コード生成しています。
  193 of 196 functions (98.5%) were compiled, the rest were copied from previous compilation.
    32 functions were new in current compilation
    0 functions had inline decision re-evaluated but remain unchanged
  コード生成が終了しました。
  ActionGame004.1.vcxproj -> C:\Users\student\Desktop\GameLibrary_MaiHirano\吉田学園情報ビジネス専門学校_平野舞\02_ActionGame\01_開発環境\ActionGame_ウィンドウ版\ActionGame004.1.exe
  ActionGame004.1.vcxproj -> C:\Users\student\Desktop\GameLibrary_MaiHirano\吉田学園情報ビジネス専門学校_平野舞\02_ActionGame\01_開発環境\ActionGame_ウィンドウ版\ActionGame004.1.pdb (Full PDB)
