  twinkle.cpp
  tutorial.cpp
  title.cpp
  time.cpp
  sound.cpp
  score.cpp
  result.cpp
  ranking.cpp
  player.cpp
  main.cpp
  life.cpp
  item.cpp
  input.cpp
  goal.cpp
  gameover.cpp
  gameclear.cpp
  game.cpp
  flame.cpp
  fade.cpp
  explosion.cpp
  コードを生成中...
  コンパイル中...
  enemy.cpp
  Bullet.cpp
  block.cpp
  bg.cpp
  コードを生成中...
  ActionGame004.1.vcxproj -> C:\Users\student\Desktop\GameLibrary_MaiHirano\吉田学園情報ビジネス専門学校_平野舞\02_ActionGame\01_開発環境\ActionGame_ウィンドウ版\Debug\ActionGame004.1.exe
  ActionGame004.1.vcxproj -> C:\Users\student\Desktop\GameLibrary_MaiHirano\吉田学園情報ビジネス専門学校_平野舞\02_ActionGame\01_開発環境\ActionGame_ウィンドウ版\Debug\ActionGame004.1.pdb (Full PDB)
