  title.cpp
  time.cpp
  Sweet.cpp
  sound.cpp
  setumei.cpp
  score.cpp
  result.cpp
  ranking.cpp
  player.cpp
  obstacle.cpp
c:\users\student\desktop\gamelibrary_maihirano\吉田学園情報ビジネス専門学校_平野舞\03_shootinggame\01_開発環境\shootinggame_ウィンドウ版\obstacle.cpp(16): warning C4005: 'OBSTACLE_WIDTH': マクロが再定義されました。
  c:\users\student\desktop\gamelibrary_maihirano\吉田学園情報ビジネス専門学校_平野舞\03_shootinggame\01_開発環境\shootinggame_ウィンドウ版\obstacle.h(15): note: 'OBSTACLE_WIDTH' の以前の定義を確認してください
c:\users\student\desktop\gamelibrary_maihirano\吉田学園情報ビジネス専門学校_平野舞\03_shootinggame\01_開発環境\shootinggame_ウィンドウ版\obstacle.cpp(128): warning C4244: '引数': 'int' から 'FLOAT' への変換です。データが失われる可能性があります。
  main.cpp
  life.cpp
  item.cpp
c:\users\student\desktop\gamelibrary_maihirano\吉田学園情報ビジネス専門学校_平野舞\03_shootinggame\01_開発環境\shootinggame_ウィンドウ版\item.cpp(137): warning C4244: '引数': 'int' から 'FLOAT' への変換です。データが失われる可能性があります。
  input.cpp
  gameover.cpp
  game.cpp
  fade.cpp
  explosion.cpp
  enemy.cpp
  effect.cpp
  コードを生成中...
  コンパイル中...
  Bullet.cpp
  bg.cpp
  コードを生成中...
  Shooting Game.vcxproj -> C:\Users\student\Desktop\GameLibrary_MaiHirano\吉田学園情報ビジネス専門学校_平野舞\03_ShootingGame\01_開発環境\ShootingGame_ウィンドウ版\Debug\Shooting Game.exe
  Shooting Game.vcxproj -> C:\Users\student\Desktop\GameLibrary_MaiHirano\吉田学園情報ビジネス専門学校_平野舞\03_ShootingGame\01_開発環境\ShootingGame_ウィンドウ版\Debug\Shooting Game.pdb (Full PDB)
